-- The C compiler identification is GNU 11.4.0
-- The CXX compiler identification is GNU 11.4.0
-- Detecting C compiler ABI info
-- Detecting C compiler ABI info - done
-- Check for working C compiler: /usr/bin/cc - skipped
-- Detecting C compile features
-- Detecting C compile features - done
-- Detecting CXX compiler ABI info
-- Detecting CXX compiler ABI info - done
-- Check for working CXX compiler: /usr/bin/c++ - skipped
-- Detecting CXX compile features
-- Detecting CXX compile features - done
-- Found ament_cmake: 1.3.11 (/opt/ros/humble/share/ament_cmake/cmake)
-- Found Python3: /home/wael/.espressif/python_env/idf5.4_py3.10_env/bin/python3 (found version "3.10.12") found components: Interpreter 
-- Found rclcpp: 16.0.11 (/opt/ros/humble/share/rclcpp/cmake)
-- Found rosidl_generator_c: 3.1.6 (/opt/ros/humble/share/rosidl_generator_c/cmake)
-- Found rosidl_adapter: 3.1.6 (/opt/ros/humble/share/rosidl_adapter/cmake)
-- Found rosidl_generator_cpp: 3.1.6 (/opt/ros/humble/share/rosidl_generator_cpp/cmake)
-- Using all available rosidl_typesupport_c: rosidl_typesupport_fastrtps_c;rosidl_typesupport_introspection_c
-- Using all available rosidl_typesupport_cpp: rosidl_typesupport_fastrtps_cpp;rosidl_typesupport_introspection_cpp
-- Found rmw_implementation_cmake: 6.1.2 (/opt/ros/humble/share/rmw_implementation_cmake/cmake)
-- Found rmw_fastrtps_cpp: 6.2.7 (/opt/ros/humble/share/rmw_fastrtps_cpp/cmake)
-- Found OpenSSL: /usr/lib/x86_64-linux-gnu/libcrypto.so (found version "3.0.2")  
-- Found FastRTPS: /opt/ros/humble/include  
-- Using RMW implementation 'rmw_fastrtps_cpp' as default
-- Looking for pthread.h
-- Looking for pthread.h - found
-- Performing Test CMAKE_HAVE_LIBC_PTHREAD
-- Performing Test CMAKE_HAVE_LIBC_PTHREAD - Success
-- Found Threads: TRUE  
-- Configuring done
-- Generating done
-- Build files have been written to: /home/wael/Kernel-ROS/Kernel-ROS-Sensor-Dashboard/ros2_ws/build/ros_publisher
[ 33%] [32mBuilding CXX object CMakeFiles/sensor_publisher.dir/src/sensor_publisher.cpp.o[0m
[ 66%] [32mBuilding CXX object CMakeFiles/sensor_publisher.dir/src/RawSensorsReader.cpp.o[0m
[100%] [32m[1mLinking CXX executable sensor_publisher[0m
[100%] Built target sensor_publisher
-- Install configuration: ""
-- Installing: /home/wael/Kernel-ROS/Kernel-ROS-Sensor-Dashboard/ros2_ws/install/ros_publisher/lib/ros_publisher/sensor_publisher
-- Set runtime path of "/home/wael/Kernel-ROS/Kernel-ROS-Sensor-Dashboard/ros2_ws/install/ros_publisher/lib/ros_publisher/sensor_publisher" to ""
-- Installing: /home/wael/Kernel-ROS/Kernel-ROS-Sensor-Dashboard/ros2_ws/install/ros_publisher/share/ament_index/resource_index/package_run_dependencies/ros_publisher
-- Installing: /home/wael/Kernel-ROS/Kernel-ROS-Sensor-Dashboard/ros2_ws/install/ros_publisher/share/ament_index/resource_index/parent_prefix_path/ros_publisher
-- Installing: /home/wael/Kernel-ROS/Kernel-ROS-Sensor-Dashboard/ros2_ws/install/ros_publisher/share/ros_publisher/environment/ament_prefix_path.sh
-- Installing: /home/wael/Kernel-ROS/Kernel-ROS-Sensor-Dashboard/ros2_ws/install/ros_publisher/share/ros_publisher/environment/ament_prefix_path.dsv
-- Installing: /home/wael/Kernel-ROS/Kernel-ROS-Sensor-Dashboard/ros2_ws/install/ros_publisher/share/ros_publisher/environment/path.sh
-- Installing: /home/wael/Kernel-ROS/Kernel-ROS-Sensor-Dashboard/ros2_ws/install/ros_publisher/share/ros_publisher/environment/path.dsv
-- Installing: /home/wael/Kernel-ROS/Kernel-ROS-Sensor-Dashboard/ros2_ws/install/ros_publisher/share/ros_publisher/local_setup.bash
-- Installing: /home/wael/Kernel-ROS/Kernel-ROS-Sensor-Dashboard/ros2_ws/install/ros_publisher/share/ros_publisher/local_setup.sh
-- Installing: /home/wael/Kernel-ROS/Kernel-ROS-Sensor-Dashboard/ros2_ws/install/ros_publisher/share/ros_publisher/local_setup.zsh
-- Installing: /home/wael/Kernel-ROS/Kernel-ROS-Sensor-Dashboard/ros2_ws/install/ros_publisher/share/ros_publisher/local_setup.dsv
-- Installing: /home/wael/Kernel-ROS/Kernel-ROS-Sensor-Dashboard/ros2_ws/install/ros_publisher/share/ros_publisher/package.dsv
-- Installing: /home/wael/Kernel-ROS/Kernel-ROS-Sensor-Dashboard/ros2_ws/install/ros_publisher/share/ament_index/resource_index/packages/ros_publisher
-- Installing: /home/wael/Kernel-ROS/Kernel-ROS-Sensor-Dashboard/ros2_ws/install/ros_publisher/share/ros_publisher/cmake/ros_publisherConfig.cmake
-- Installing: /home/wael/Kernel-ROS/Kernel-ROS-Sensor-Dashboard/ros2_ws/install/ros_publisher/share/ros_publisher/cmake/ros_publisherConfig-version.cmake
-- Installing: /home/wael/Kernel-ROS/Kernel-ROS-Sensor-Dashboard/ros2_ws/install/ros_publisher/share/ros_publisher/package.xml
