[0.018s] Invoking command in '/home/wael/Kernel-ROS/Kernel-ROS-Sensor-Dashboard/ros2_ws/build/ros_publisher': /usr/bin/cmake /home/wael/Kernel-ROS/Kernel-ROS-Sensor-Dashboard/ros2_ws/src/ros_publisher -DCATKIN_INSTALL_INTO_PREFIX_ROOT=0 -DCMAKE_INSTALL_PREFIX=/home/wael/Kernel-ROS/Kernel-ROS-Sensor-Dashboard/ros2_ws/install/ros_publisher
[0.075s] -- The C compiler identification is GNU 11.4.0
[0.132s] -- The CXX compiler identification is GNU 11.4.0
[0.141s] -- Detecting C compiler ABI info
[0.213s] -- Detecting C compiler ABI info - done
[0.219s] -- Check for working C compiler: /usr/bin/cc - skipped
[0.219s] -- Detecting C compile features
[0.220s] -- Detecting C compile features - done
[0.222s] -- Detecting CXX compiler ABI info
[0.304s] -- Detecting CXX compiler ABI info - done
[0.311s] -- Check for working CXX compiler: /usr/bin/c++ - skipped
[0.311s] -- Detecting CXX compile features
[0.311s] -- Detecting CXX compile features - done
[0.315s] -- Found ament_cmake: 1.3.11 (/opt/ros/humble/share/ament_cmake/cmake)
[0.634s] -- Found Python3: /home/wael/.espressif/python_env/idf5.4_py3.10_env/bin/python3 (found version "3.10.12") found components: Interpreter 
[0.741s] -- Found rclcpp: 16.0.11 (/opt/ros/humble/share/rclcpp/cmake)
[0.792s] -- Found rosidl_generator_c: 3.1.6 (/opt/ros/humble/share/rosidl_generator_c/cmake)
[0.798s] -- Found rosidl_adapter: 3.1.6 (/opt/ros/humble/share/rosidl_adapter/cmake)
[0.808s] -- Found rosidl_generator_cpp: 3.1.6 (/opt/ros/humble/share/rosidl_generator_cpp/cmake)
[0.821s] -- Using all available rosidl_typesupport_c: rosidl_typesupport_fastrtps_c;rosidl_typesupport_introspection_c
[0.839s] -- Using all available rosidl_typesupport_cpp: rosidl_typesupport_fastrtps_cpp;rosidl_typesupport_introspection_cpp
[0.889s] -- Found rmw_implementation_cmake: 6.1.2 (/opt/ros/humble/share/rmw_implementation_cmake/cmake)
[0.893s] -- Found rmw_fastrtps_cpp: 6.2.7 (/opt/ros/humble/share/rmw_fastrtps_cpp/cmake)
[1.008s] -- Found OpenSSL: /usr/lib/x86_64-linux-gnu/libcrypto.so (found version "3.0.2")  
[1.035s] -- Found FastRTPS: /opt/ros/humble/include  
[1.078s] -- Using RMW implementation 'rmw_fastrtps_cpp' as default
[1.088s] -- Looking for pthread.h
[1.160s] -- Looking for pthread.h - found
[1.161s] -- Performing Test CMAKE_HAVE_LIBC_PTHREAD
[1.237s] -- Performing Test CMAKE_HAVE_LIBC_PTHREAD - Success
[1.238s] -- Found Threads: TRUE  
[1.356s] -- Configuring done
[1.364s] -- Generating done
[1.365s] [33mCMake Warning:
[1.365s]   Manually-specified variables were not used by the project:
[1.366s] 
[1.366s]     CATKIN_INSTALL_INTO_PREFIX_ROOT
[1.366s] 
[1.366s] [0m
[1.368s] -- Build files have been written to: /home/wael/Kernel-ROS/Kernel-ROS-Sensor-Dashboard/ros2_ws/build/ros_publisher
[1.378s] Invoked command in '/home/wael/Kernel-ROS/Kernel-ROS-Sensor-Dashboard/ros2_ws/build/ros_publisher' returned '0': /usr/bin/cmake /home/wael/Kernel-ROS/Kernel-ROS-Sensor-Dashboard/ros2_ws/src/ros_publisher -DCATKIN_INSTALL_INTO_PREFIX_ROOT=0 -DCMAKE_INSTALL_PREFIX=/home/wael/Kernel-ROS/Kernel-ROS-Sensor-Dashboard/ros2_ws/install/ros_publisher
[1.380s] Invoking command in '/home/wael/Kernel-ROS/Kernel-ROS-Sensor-Dashboard/ros2_ws/build/ros_publisher': /usr/bin/cmake --build /home/wael/Kernel-ROS/Kernel-ROS-Sensor-Dashboard/ros2_ws/build/ros_publisher -- -j16 -l16
[1.433s] [ 33%] [32mBuilding CXX object CMakeFiles/sensor_publisher.dir/src/sensor_publisher.cpp.o[0m
[1.434s] [ 66%] [32mBuilding CXX object CMakeFiles/sensor_publisher.dir/src/RawSensorsReader.cpp.o[0m
[4.899s] [100%] [32m[1mLinking CXX executable sensor_publisher[0m
[5.093s] [100%] Built target sensor_publisher
[5.106s] Invoked command in '/home/wael/Kernel-ROS/Kernel-ROS-Sensor-Dashboard/ros2_ws/build/ros_publisher' returned '0': /usr/bin/cmake --build /home/wael/Kernel-ROS/Kernel-ROS-Sensor-Dashboard/ros2_ws/build/ros_publisher -- -j16 -l16
[5.116s] Invoking command in '/home/wael/Kernel-ROS/Kernel-ROS-Sensor-Dashboard/ros2_ws/build/ros_publisher': /usr/bin/cmake --install /home/wael/Kernel-ROS/Kernel-ROS-Sensor-Dashboard/ros2_ws/build/ros_publisher
[5.124s] -- Install configuration: ""
[5.124s] -- Installing: /home/wael/Kernel-ROS/Kernel-ROS-Sensor-Dashboard/ros2_ws/install/ros_publisher/lib/ros_publisher/sensor_publisher
[5.125s] -- Set runtime path of "/home/wael/Kernel-ROS/Kernel-ROS-Sensor-Dashboard/ros2_ws/install/ros_publisher/lib/ros_publisher/sensor_publisher" to ""
[5.125s] -- Installing: /home/wael/Kernel-ROS/Kernel-ROS-Sensor-Dashboard/ros2_ws/install/ros_publisher/share/ament_index/resource_index/package_run_dependencies/ros_publisher
[5.125s] -- Installing: /home/wael/Kernel-ROS/Kernel-ROS-Sensor-Dashboard/ros2_ws/install/ros_publisher/share/ament_index/resource_index/parent_prefix_path/ros_publisher
[5.126s] -- Installing: /home/wael/Kernel-ROS/Kernel-ROS-Sensor-Dashboard/ros2_ws/install/ros_publisher/share/ros_publisher/environment/ament_prefix_path.sh
[5.126s] -- Installing: /home/wael/Kernel-ROS/Kernel-ROS-Sensor-Dashboard/ros2_ws/install/ros_publisher/share/ros_publisher/environment/ament_prefix_path.dsv
[5.126s] -- Installing: /home/wael/Kernel-ROS/Kernel-ROS-Sensor-Dashboard/ros2_ws/install/ros_publisher/share/ros_publisher/environment/path.sh
[5.126s] -- Installing: /home/wael/Kernel-ROS/Kernel-ROS-Sensor-Dashboard/ros2_ws/install/ros_publisher/share/ros_publisher/environment/path.dsv
[5.126s] -- Installing: /home/wael/Kernel-ROS/Kernel-ROS-Sensor-Dashboard/ros2_ws/install/ros_publisher/share/ros_publisher/local_setup.bash
[5.126s] -- Installing: /home/wael/Kernel-ROS/Kernel-ROS-Sensor-Dashboard/ros2_ws/install/ros_publisher/share/ros_publisher/local_setup.sh
[5.127s] -- Installing: /home/wael/Kernel-ROS/Kernel-ROS-Sensor-Dashboard/ros2_ws/install/ros_publisher/share/ros_publisher/local_setup.zsh
[5.127s] -- Installing: /home/wael/Kernel-ROS/Kernel-ROS-Sensor-Dashboard/ros2_ws/install/ros_publisher/share/ros_publisher/local_setup.dsv
[5.127s] -- Installing: /home/wael/Kernel-ROS/Kernel-ROS-Sensor-Dashboard/ros2_ws/install/ros_publisher/share/ros_publisher/package.dsv
[5.127s] -- Installing: /home/wael/Kernel-ROS/Kernel-ROS-Sensor-Dashboard/ros2_ws/install/ros_publisher/share/ament_index/resource_index/packages/ros_publisher
[5.127s] -- Installing: /home/wael/Kernel-ROS/Kernel-ROS-Sensor-Dashboard/ros2_ws/install/ros_publisher/share/ros_publisher/cmake/ros_publisherConfig.cmake
[5.127s] -- Installing: /home/wael/Kernel-ROS/Kernel-ROS-Sensor-Dashboard/ros2_ws/install/ros_publisher/share/ros_publisher/cmake/ros_publisherConfig-version.cmake
[5.128s] -- Installing: /home/wael/Kernel-ROS/Kernel-ROS-Sensor-Dashboard/ros2_ws/install/ros_publisher/share/ros_publisher/package.xml
[5.130s] Invoked command in '/home/wael/Kernel-ROS/Kernel-ROS-Sensor-Dashboard/ros2_ws/build/ros_publisher' returned '0': /usr/bin/cmake --install /home/wael/Kernel-ROS/Kernel-ROS-Sensor-Dashboard/ros2_ws/build/ros_publisher
