[0.108s] DEBUG:colcon:Command line arguments: ['/home/wael/.espressif/python_env/idf5.4_py3.10_env/bin/colcon', 'build', '--packages-select', 'ros_publisher']
[0.109s] DEBUG:colcon:Parsed command line arguments: Namespace(log_base=None, log_level=None, verb_name='build', build_base='build', install_base='install', merge_install=False, symlink_install=False, test_result_base=None, continue_on_error=False, executor='parallel', parallel_workers=16, event_handlers=None, ignore_user_meta=False, metas=['./colcon.meta'], base_paths=['.'], packages_ignore=None, packages_ignore_regex=None, paths=None, packages_up_to=None, packages_up_to_regex=None, packages_above=None, packages_above_and_dependencies=None, packages_above_depth=None, packages_select_by_dep=None, packages_skip_by_dep=None, packages_skip_up_to=None, packages_select_build_failed=False, packages_skip_build_finished=False, packages_select_test_failures=False, packages_skip_test_passed=False, packages_select=['ros_publisher'], packages_skip=None, packages_select_regex=None, packages_skip_regex=None, packages_start=None, packages_end=None, cmake_args=None, cmake_target=None, cmake_target_skip_unavailable=False, cmake_clean_cache=False, cmake_clean_first=False, cmake_force_configure=False, ament_cmake_args=None, catkin_cmake_args=None, catkin_skip_building_tests=False, verb_parser=<colcon_defaults.argument_parser.defaults.DefaultArgumentsDecorator object at 0x78cecf4681c0>, verb_extension=<colcon_core.verb.build.BuildVerb object at 0x78cecf5e5870>, main=<bound method BuildVerb.main of <colcon_core.verb.build.BuildVerb object at 0x78cecf5e5870>>)
[0.143s] Level 1:colcon.colcon_core.package_discovery:discover_packages(colcon_meta) check parameters
[0.143s] Level 1:colcon.colcon_core.package_discovery:discover_packages(recursive) check parameters
[0.143s] Level 1:colcon.colcon_core.package_discovery:discover_packages(ignore) check parameters
[0.143s] Level 1:colcon.colcon_core.package_discovery:discover_packages(path) check parameters
[0.143s] Level 1:colcon.colcon_core.package_discovery:discover_packages(colcon_meta) discover
[0.143s] Level 1:colcon.colcon_core.package_discovery:discover_packages(recursive) discover
[0.143s] INFO:colcon.colcon_core.package_discovery:Crawling recursively for packages in '/home/wael/Kernel-ROS/Kernel-ROS-Sensor-Dashboard/ros2_ws'
[0.143s] Level 1:colcon.colcon_core.package_identification:_identify(.) by extensions ['ignore', 'ignore_ament_install']
[0.143s] Level 1:colcon.colcon_core.package_identification:_identify(.) by extension 'ignore'
[0.143s] Level 1:colcon.colcon_core.package_identification:_identify(.) by extension 'ignore_ament_install'
[0.144s] Level 1:colcon.colcon_core.package_identification:_identify(.) by extensions ['colcon_pkg']
[0.144s] Level 1:colcon.colcon_core.package_identification:_identify(.) by extension 'colcon_pkg'
[0.144s] Level 1:colcon.colcon_core.package_identification:_identify(.) by extensions ['colcon_meta']
[0.144s] Level 1:colcon.colcon_core.package_identification:_identify(.) by extension 'colcon_meta'
[0.144s] Level 1:colcon.colcon_core.package_identification:_identify(.) by extensions ['ros']
[0.144s] Level 1:colcon.colcon_core.package_identification:_identify(.) by extension 'ros'
[0.163s] Level 1:colcon.colcon_core.package_identification:_identify(.) by extensions ['cmake', 'python']
[0.163s] Level 1:colcon.colcon_core.package_identification:_identify(.) by extension 'cmake'
[0.163s] Level 1:colcon.colcon_core.package_identification:_identify(.) by extension 'python'
[0.163s] Level 1:colcon.colcon_core.package_identification:_identify(.) by extensions ['python_setup_py']
[0.163s] Level 1:colcon.colcon_core.package_identification:_identify(.) by extension 'python_setup_py'
[0.163s] Level 1:colcon.colcon_core.package_identification:_identify(build) by extensions ['ignore', 'ignore_ament_install']
[0.163s] Level 1:colcon.colcon_core.package_identification:_identify(build) by extension 'ignore'
[0.163s] Level 1:colcon.colcon_core.package_identification:_identify(build) ignored
[0.163s] Level 1:colcon.colcon_core.package_identification:_identify(install) by extensions ['ignore', 'ignore_ament_install']
[0.163s] Level 1:colcon.colcon_core.package_identification:_identify(install) by extension 'ignore'
[0.163s] Level 1:colcon.colcon_core.package_identification:_identify(install) ignored
[0.163s] Level 1:colcon.colcon_core.package_identification:_identify(log) by extensions ['ignore', 'ignore_ament_install']
[0.163s] Level 1:colcon.colcon_core.package_identification:_identify(log) by extension 'ignore'
[0.163s] Level 1:colcon.colcon_core.package_identification:_identify(log) ignored
[0.163s] Level 1:colcon.colcon_core.package_identification:_identify(src) by extensions ['ignore', 'ignore_ament_install']
[0.163s] Level 1:colcon.colcon_core.package_identification:_identify(src) by extension 'ignore'
[0.163s] Level 1:colcon.colcon_core.package_identification:_identify(src) by extension 'ignore_ament_install'
[0.164s] Level 1:colcon.colcon_core.package_identification:_identify(src) by extensions ['colcon_pkg']
[0.164s] Level 1:colcon.colcon_core.package_identification:_identify(src) by extension 'colcon_pkg'
[0.164s] Level 1:colcon.colcon_core.package_identification:_identify(src) by extensions ['colcon_meta']
[0.164s] Level 1:colcon.colcon_core.package_identification:_identify(src) by extension 'colcon_meta'
[0.164s] Level 1:colcon.colcon_core.package_identification:_identify(src) by extensions ['ros']
[0.164s] Level 1:colcon.colcon_core.package_identification:_identify(src) by extension 'ros'
[0.164s] Level 1:colcon.colcon_core.package_identification:_identify(src) by extensions ['cmake', 'python']
[0.164s] Level 1:colcon.colcon_core.package_identification:_identify(src) by extension 'cmake'
[0.164s] Level 1:colcon.colcon_core.package_identification:_identify(src) by extension 'python'
[0.164s] Level 1:colcon.colcon_core.package_identification:_identify(src) by extensions ['python_setup_py']
[0.164s] Level 1:colcon.colcon_core.package_identification:_identify(src) by extension 'python_setup_py'
[0.164s] Level 1:colcon.colcon_core.package_identification:_identify(src/ros_publisher) by extensions ['ignore', 'ignore_ament_install']
[0.164s] Level 1:colcon.colcon_core.package_identification:_identify(src/ros_publisher) by extension 'ignore'
[0.164s] Level 1:colcon.colcon_core.package_identification:_identify(src/ros_publisher) by extension 'ignore_ament_install'
[0.164s] Level 1:colcon.colcon_core.package_identification:_identify(src/ros_publisher) by extensions ['colcon_pkg']
[0.164s] Level 1:colcon.colcon_core.package_identification:_identify(src/ros_publisher) by extension 'colcon_pkg'
[0.164s] Level 1:colcon.colcon_core.package_identification:_identify(src/ros_publisher) by extensions ['colcon_meta']
[0.164s] Level 1:colcon.colcon_core.package_identification:_identify(src/ros_publisher) by extension 'colcon_meta'
[0.164s] Level 1:colcon.colcon_core.package_identification:_identify(src/ros_publisher) by extensions ['ros']
[0.164s] Level 1:colcon.colcon_core.package_identification:_identify(src/ros_publisher) by extension 'ros'
[0.166s] DEBUG:colcon.colcon_core.package_identification:Package 'src/ros_publisher' with type 'ros.catkin' and name 'ros_publisher'
[0.166s] Level 1:colcon.colcon_core.package_discovery:discover_packages(recursive) using defaults
[0.166s] Level 1:colcon.colcon_core.package_discovery:discover_packages(ignore) discover
[0.166s] Level 1:colcon.colcon_core.package_discovery:discover_packages(ignore) using defaults
[0.166s] Level 1:colcon.colcon_core.package_discovery:discover_packages(path) discover
[0.166s] Level 1:colcon.colcon_core.package_discovery:discover_packages(path) using defaults
[0.180s] Level 5:colcon.colcon_core.verb:set package 'ros_publisher' build argument 'cmake_args' from command line to 'None'
[0.180s] Level 5:colcon.colcon_core.verb:set package 'ros_publisher' build argument 'cmake_target' from command line to 'None'
[0.180s] Level 5:colcon.colcon_core.verb:set package 'ros_publisher' build argument 'cmake_target_skip_unavailable' from command line to 'False'
[0.180s] Level 5:colcon.colcon_core.verb:set package 'ros_publisher' build argument 'cmake_clean_cache' from command line to 'False'
[0.180s] Level 5:colcon.colcon_core.verb:set package 'ros_publisher' build argument 'cmake_clean_first' from command line to 'False'
[0.180s] Level 5:colcon.colcon_core.verb:set package 'ros_publisher' build argument 'cmake_force_configure' from command line to 'False'
[0.180s] Level 5:colcon.colcon_core.verb:set package 'ros_publisher' build argument 'ament_cmake_args' from command line to 'None'
[0.180s] Level 5:colcon.colcon_core.verb:set package 'ros_publisher' build argument 'catkin_cmake_args' from command line to 'None'
[0.180s] Level 5:colcon.colcon_core.verb:set package 'ros_publisher' build argument 'catkin_skip_building_tests' from command line to 'False'
[0.180s] DEBUG:colcon.colcon_core.verb:Building package 'ros_publisher' with the following arguments: {'ament_cmake_args': None, 'build_base': '/home/wael/Kernel-ROS/Kernel-ROS-Sensor-Dashboard/ros2_ws/build/ros_publisher', 'catkin_cmake_args': None, 'catkin_skip_building_tests': False, 'cmake_args': None, 'cmake_clean_cache': False, 'cmake_clean_first': False, 'cmake_force_configure': False, 'cmake_target': None, 'cmake_target_skip_unavailable': False, 'install_base': '/home/wael/Kernel-ROS/Kernel-ROS-Sensor-Dashboard/ros2_ws/install/ros_publisher', 'merge_install': False, 'path': '/home/wael/Kernel-ROS/Kernel-ROS-Sensor-Dashboard/ros2_ws/src/ros_publisher', 'symlink_install': False, 'test_result_base': None}
[0.180s] INFO:colcon.colcon_core.executor:Executing jobs using 'parallel' executor
[0.182s] DEBUG:colcon.colcon_parallel_executor.executor.parallel:run_until_complete
[0.182s] INFO:colcon.colcon_ros.task.catkin.build:Building ROS package in '/home/wael/Kernel-ROS/Kernel-ROS-Sensor-Dashboard/ros2_ws/src/ros_publisher' with build type 'catkin'
[0.182s] INFO:colcon.colcon_cmake.task.cmake.build:Building CMake package in '/home/wael/Kernel-ROS/Kernel-ROS-Sensor-Dashboard/ros2_ws/src/ros_publisher'
[0.184s] INFO:colcon.colcon_core.plugin_system:Skipping extension 'colcon_core.shell.bat': Not used on non-Windows systems
[0.184s] INFO:colcon.colcon_core.shell:Skip shell extension 'powershell' for command environment: Not usable outside of PowerShell
[0.184s] DEBUG:colcon.colcon_core.shell:Skip shell extension 'dsv' for command environment
[0.185s] WARNING:colcon.colcon_ros.prefix_path.catkin:The path '/home/wael/Kernel-ROS/Kernel-ROS-Sensor-Dashboard/ros2_ws/install/ros_publisher' in the environment variable CMAKE_PREFIX_PATH doesn't exist
[0.201s] DEBUG:colcon.colcon_core.event_handler.log_command:Invoking command in '/home/wael/Kernel-ROS/Kernel-ROS-Sensor-Dashboard/ros2_ws/build/ros_publisher': /usr/bin/cmake /home/wael/Kernel-ROS/Kernel-ROS-Sensor-Dashboard/ros2_ws/src/ros_publisher -DCATKIN_INSTALL_INTO_PREFIX_ROOT=0 -DCMAKE_INSTALL_PREFIX=/home/wael/Kernel-ROS/Kernel-ROS-Sensor-Dashboard/ros2_ws/install/ros_publisher
[1.560s] DEBUG:colcon.colcon_core.event_handler.log_command:Invoked command in '/home/wael/Kernel-ROS/Kernel-ROS-Sensor-Dashboard/ros2_ws/build/ros_publisher' returned '0': /usr/bin/cmake /home/wael/Kernel-ROS/Kernel-ROS-Sensor-Dashboard/ros2_ws/src/ros_publisher -DCATKIN_INSTALL_INTO_PREFIX_ROOT=0 -DCMAKE_INSTALL_PREFIX=/home/wael/Kernel-ROS/Kernel-ROS-Sensor-Dashboard/ros2_ws/install/ros_publisher
[1.562s] DEBUG:colcon.colcon_core.event_handler.log_command:Invoking command in '/home/wael/Kernel-ROS/Kernel-ROS-Sensor-Dashboard/ros2_ws/build/ros_publisher': /usr/bin/cmake --build /home/wael/Kernel-ROS/Kernel-ROS-Sensor-Dashboard/ros2_ws/build/ros_publisher -- -j16 -l16
[5.288s] DEBUG:colcon.colcon_core.event_handler.log_command:Invoked command in '/home/wael/Kernel-ROS/Kernel-ROS-Sensor-Dashboard/ros2_ws/build/ros_publisher' returned '0': /usr/bin/cmake --build /home/wael/Kernel-ROS/Kernel-ROS-Sensor-Dashboard/ros2_ws/build/ros_publisher -- -j16 -l16
[5.299s] DEBUG:colcon.colcon_core.event_handler.log_command:Invoking command in '/home/wael/Kernel-ROS/Kernel-ROS-Sensor-Dashboard/ros2_ws/build/ros_publisher': /usr/bin/cmake --install /home/wael/Kernel-ROS/Kernel-ROS-Sensor-Dashboard/ros2_ws/build/ros_publisher
[5.312s] DEBUG:colcon.colcon_core.event_handler.log_command:Invoked command in '/home/wael/Kernel-ROS/Kernel-ROS-Sensor-Dashboard/ros2_ws/build/ros_publisher' returned '0': /usr/bin/cmake --install /home/wael/Kernel-ROS/Kernel-ROS-Sensor-Dashboard/ros2_ws/build/ros_publisher
[5.313s] Level 1:colcon.colcon_core.shell:create_environment_hook('ros_publisher', 'ros_package_path')
[5.313s] INFO:colcon.colcon_core.shell:Creating environment hook '/home/wael/Kernel-ROS/Kernel-ROS-Sensor-Dashboard/ros2_ws/install/ros_publisher/share/ros_publisher/hook/ros_package_path.ps1'
[5.313s] INFO:colcon.colcon_core.shell:Creating environment descriptor '/home/wael/Kernel-ROS/Kernel-ROS-Sensor-Dashboard/ros2_ws/install/ros_publisher/share/ros_publisher/hook/ros_package_path.dsv'
[5.314s] INFO:colcon.colcon_core.shell:Creating environment hook '/home/wael/Kernel-ROS/Kernel-ROS-Sensor-Dashboard/ros2_ws/install/ros_publisher/share/ros_publisher/hook/ros_package_path.sh'
[5.314s] Level 1:colcon.colcon_core.shell:create_environment_hook('ros_publisher', 'pkg_config_path')
[5.314s] INFO:colcon.colcon_core.shell:Creating environment hook '/home/wael/Kernel-ROS/Kernel-ROS-Sensor-Dashboard/ros2_ws/install/ros_publisher/share/ros_publisher/hook/pkg_config_path.ps1'
[5.315s] INFO:colcon.colcon_core.shell:Creating environment descriptor '/home/wael/Kernel-ROS/Kernel-ROS-Sensor-Dashboard/ros2_ws/install/ros_publisher/share/ros_publisher/hook/pkg_config_path.dsv'
[5.315s] INFO:colcon.colcon_core.shell:Creating environment hook '/home/wael/Kernel-ROS/Kernel-ROS-Sensor-Dashboard/ros2_ws/install/ros_publisher/share/ros_publisher/hook/pkg_config_path.sh'
[5.318s] Level 1:colcon.colcon_core.shell:create_environment_hook('ros_publisher', 'pkg_config_path_multiarch')
[5.318s] INFO:colcon.colcon_core.shell:Creating environment hook '/home/wael/Kernel-ROS/Kernel-ROS-Sensor-Dashboard/ros2_ws/install/ros_publisher/share/ros_publisher/hook/pkg_config_path_multiarch.ps1'
[5.319s] INFO:colcon.colcon_core.shell:Creating environment descriptor '/home/wael/Kernel-ROS/Kernel-ROS-Sensor-Dashboard/ros2_ws/install/ros_publisher/share/ros_publisher/hook/pkg_config_path_multiarch.dsv'
[5.319s] INFO:colcon.colcon_core.shell:Creating environment hook '/home/wael/Kernel-ROS/Kernel-ROS-Sensor-Dashboard/ros2_ws/install/ros_publisher/share/ros_publisher/hook/pkg_config_path_multiarch.sh'
[5.319s] Level 1:colcon.colcon_core.environment:create_environment_scripts_only(ros_publisher)
[5.321s] Level 1:colcon.colcon_core.environment:checking '/home/wael/Kernel-ROS/Kernel-ROS-Sensor-Dashboard/ros2_ws/install/ros_publisher' for CMake module files
[5.322s] Level 1:colcon.colcon_core.environment:checking '/home/wael/Kernel-ROS/Kernel-ROS-Sensor-Dashboard/ros2_ws/install/ros_publisher' for CMake config files
[5.322s] Level 1:colcon.colcon_core.shell:create_environment_hook('ros_publisher', 'cmake_prefix_path')
[5.322s] INFO:colcon.colcon_core.shell:Creating environment hook '/home/wael/Kernel-ROS/Kernel-ROS-Sensor-Dashboard/ros2_ws/install/ros_publisher/share/ros_publisher/hook/cmake_prefix_path.ps1'
[5.322s] INFO:colcon.colcon_core.shell:Creating environment descriptor '/home/wael/Kernel-ROS/Kernel-ROS-Sensor-Dashboard/ros2_ws/install/ros_publisher/share/ros_publisher/hook/cmake_prefix_path.dsv'
[5.322s] INFO:colcon.colcon_core.shell:Creating environment hook '/home/wael/Kernel-ROS/Kernel-ROS-Sensor-Dashboard/ros2_ws/install/ros_publisher/share/ros_publisher/hook/cmake_prefix_path.sh'
[5.323s] Level 1:colcon.colcon_core.environment:checking '/home/wael/Kernel-ROS/Kernel-ROS-Sensor-Dashboard/ros2_ws/install/ros_publisher/lib'
[5.323s] Level 1:colcon.colcon_core.environment:checking '/home/wael/Kernel-ROS/Kernel-ROS-Sensor-Dashboard/ros2_ws/install/ros_publisher/bin'
[5.323s] Level 1:colcon.colcon_core.environment:checking '/home/wael/Kernel-ROS/Kernel-ROS-Sensor-Dashboard/ros2_ws/install/ros_publisher/lib/pkgconfig/ros_publisher.pc'
[5.324s] Level 1:colcon.colcon_core.environment:checking '/home/wael/Kernel-ROS/Kernel-ROS-Sensor-Dashboard/ros2_ws/install/ros_publisher/lib/python3.10/site-packages'
[5.324s] Level 1:colcon.colcon_core.environment:checking '/home/wael/Kernel-ROS/Kernel-ROS-Sensor-Dashboard/ros2_ws/install/ros_publisher/bin'
[5.324s] INFO:colcon.colcon_core.shell:Creating package script '/home/wael/Kernel-ROS/Kernel-ROS-Sensor-Dashboard/ros2_ws/install/ros_publisher/share/ros_publisher/package.ps1'
[5.325s] INFO:colcon.colcon_core.shell:Creating package descriptor '/home/wael/Kernel-ROS/Kernel-ROS-Sensor-Dashboard/ros2_ws/install/ros_publisher/share/ros_publisher/package.dsv'
[5.326s] INFO:colcon.colcon_core.shell:Creating package script '/home/wael/Kernel-ROS/Kernel-ROS-Sensor-Dashboard/ros2_ws/install/ros_publisher/share/ros_publisher/package.sh'
[5.327s] INFO:colcon.colcon_core.shell:Creating package script '/home/wael/Kernel-ROS/Kernel-ROS-Sensor-Dashboard/ros2_ws/install/ros_publisher/share/ros_publisher/package.bash'
[5.327s] INFO:colcon.colcon_core.shell:Creating package script '/home/wael/Kernel-ROS/Kernel-ROS-Sensor-Dashboard/ros2_ws/install/ros_publisher/share/ros_publisher/package.zsh'
[5.327s] Level 1:colcon.colcon_core.environment:create_file_with_runtime_dependencies(/home/wael/Kernel-ROS/Kernel-ROS-Sensor-Dashboard/ros2_ws/install/ros_publisher/share/colcon-core/packages/ros_publisher)
[5.328s] DEBUG:colcon.colcon_parallel_executor.executor.parallel:closing loop
[5.328s] DEBUG:colcon.colcon_parallel_executor.executor.parallel:loop closed
[5.328s] DEBUG:colcon.colcon_parallel_executor.executor.parallel:run_until_complete finished with '0'
[5.328s] DEBUG:colcon.colcon_core.event_reactor:joining thread
[5.330s] INFO:colcon.colcon_core.plugin_system:Skipping extension 'colcon_notification.desktop_notification.notify2': 'notify2' not found
[5.330s] INFO:colcon.colcon_core.plugin_system:Skipping extension 'colcon_notification.desktop_notification.terminal_notifier': Not used on non-Darwin systems
[5.330s] INFO:colcon.colcon_core.plugin_system:Skipping extension 'colcon_notification.desktop_notification.win32': Not used on non-Windows systems
[5.330s] INFO:colcon.colcon_notification.desktop_notification:Sending desktop notification using 'notify_send'
[5.347s] DEBUG:colcon.colcon_core.event_reactor:joined thread
[5.347s] INFO:colcon.colcon_core.shell:Creating prefix script '/home/wael/Kernel-ROS/Kernel-ROS-Sensor-Dashboard/ros2_ws/install/local_setup.ps1'
[5.348s] INFO:colcon.colcon_core.shell:Creating prefix util module '/home/wael/Kernel-ROS/Kernel-ROS-Sensor-Dashboard/ros2_ws/install/_local_setup_util_ps1.py'
[5.349s] INFO:colcon.colcon_core.shell:Creating prefix chain script '/home/wael/Kernel-ROS/Kernel-ROS-Sensor-Dashboard/ros2_ws/install/setup.ps1'
[5.350s] INFO:colcon.colcon_core.shell:Creating prefix script '/home/wael/Kernel-ROS/Kernel-ROS-Sensor-Dashboard/ros2_ws/install/local_setup.sh'
[5.350s] INFO:colcon.colcon_core.shell:Creating prefix util module '/home/wael/Kernel-ROS/Kernel-ROS-Sensor-Dashboard/ros2_ws/install/_local_setup_util_sh.py'
[5.350s] INFO:colcon.colcon_core.shell:Creating prefix chain script '/home/wael/Kernel-ROS/Kernel-ROS-Sensor-Dashboard/ros2_ws/install/setup.sh'
[5.351s] INFO:colcon.colcon_core.shell:Creating prefix script '/home/wael/Kernel-ROS/Kernel-ROS-Sensor-Dashboard/ros2_ws/install/local_setup.bash'
[5.351s] INFO:colcon.colcon_core.shell:Creating prefix chain script '/home/wael/Kernel-ROS/Kernel-ROS-Sensor-Dashboard/ros2_ws/install/setup.bash'
[5.352s] INFO:colcon.colcon_core.shell:Creating prefix script '/home/wael/Kernel-ROS/Kernel-ROS-Sensor-Dashboard/ros2_ws/install/local_setup.zsh'
[5.352s] INFO:colcon.colcon_core.shell:Creating prefix chain script '/home/wael/Kernel-ROS/Kernel-ROS-Sensor-Dashboard/ros2_ws/install/setup.zsh'
